c:\users\nsky\desktop\微信hook撤回call\wechatplugin\wechatplugin\debug\wechatplugin.pch
c:\users\nsky\desktop\微信hook撤回call\wechatplugin\wechatplugin\debug\vc142.pdb
c:\users\nsky\desktop\微信hook撤回call\wechatplugin\wechatplugin\debug\vc142.idb
c:\users\nsky\desktop\微信hook撤回call\wechatplugin\wechatplugin\debug\pch.obj
c:\users\nsky\desktop\微信hook撤回call\wechatplugin\wechatplugin\debug\wechatplugin.obj
c:\users\nsky\desktop\微信hook撤回call\wechatplugin\wechatplugin\debug\cdlgrevokemsg.obj
c:\users\nsky\desktop\微信hook撤回call\wechatplugin\debug\wechatplugin.ilk
c:\users\nsky\desktop\微信hook撤回call\wechatplugin\debug\wechatplugin.dll
c:\users\nsky\desktop\微信hook撤回call\wechatplugin\debug\wechatplugin.pdb
c:\users\nsky\desktop\微信hook撤回call\wechatplugin\wechatplugin\debug\wechatplugin.res
c:\users\nsky\desktop\微信hook撤回call\wechatplugin\debug\wechatplugin.lib
c:\users\nsky\desktop\微信hook撤回call\wechatplugin\debug\wechatplugin.exp
c:\users\nsky\desktop\微信hook撤回call\wechatplugin\wechatplugin\debug\wechatplugin.tlog\cl.command.1.tlog
c:\users\nsky\desktop\微信hook撤回call\wechatplugin\wechatplugin\debug\wechatplugin.tlog\cl.read.1.tlog
c:\users\nsky\desktop\微信hook撤回call\wechatplugin\wechatplugin\debug\wechatplugin.tlog\cl.write.1.tlog
c:\users\nsky\desktop\微信hook撤回call\wechatplugin\wechatplugin\debug\wechatplugin.tlog\link.command.1.tlog
c:\users\nsky\desktop\微信hook撤回call\wechatplugin\wechatplugin\debug\wechatplugin.tlog\link.read.1.tlog
c:\users\nsky\desktop\微信hook撤回call\wechatplugin\wechatplugin\debug\wechatplugin.tlog\link.write.1.tlog
c:\users\nsky\desktop\微信hook撤回call\wechatplugin\wechatplugin\debug\wechatplugin.tlog\rc.command.1.tlog
c:\users\nsky\desktop\微信hook撤回call\wechatplugin\wechatplugin\debug\wechatplugin.tlog\rc.read.1.tlog
c:\users\nsky\desktop\微信hook撤回call\wechatplugin\wechatplugin\debug\wechatplugin.tlog\rc.write.1.tlog
c:\users\nsky\desktop\微信hook撤回call\wechatplugin\wechatplugin\debug\wechatplugin.tlog\wechatplugin.write.1u.tlog
