c:\users\nsky\desktop\winmineplugin\winmineplugin\debug\winmineplugin.pch
c:\users\nsky\desktop\winmineplugin\winmineplugin\debug\vc142.pdb
c:\users\nsky\desktop\winmineplugin\winmineplugin\debug\vc142.idb
c:\users\nsky\desktop\winmineplugin\winmineplugin\debug\pch.obj
c:\users\nsky\desktop\winmineplugin\winmineplugin\debug\winmineplugin.obj
c:\users\nsky\desktop\winmineplugin\debug\winmineplugin.ilk
c:\users\nsky\desktop\winmineplugin\debug\winmineplugin.dll
c:\users\nsky\desktop\winmineplugin\debug\winmineplugin.pdb
c:\users\nsky\desktop\winmineplugin\winmineplugin\debug\winmineplugin.res
c:\users\nsky\desktop\winmineplugin\debug\winmineplugin.lib
c:\users\nsky\desktop\winmineplugin\debug\winmineplugin.exp
c:\users\nsky\desktop\winmineplugin\winmineplugin\debug\winmineplugin.tlog\cl.command.1.tlog
c:\users\nsky\desktop\winmineplugin\winmineplugin\debug\winmineplugin.tlog\cl.read.1.tlog
c:\users\nsky\desktop\winmineplugin\winmineplugin\debug\winmineplugin.tlog\cl.write.1.tlog
c:\users\nsky\desktop\winmineplugin\winmineplugin\debug\winmineplugin.tlog\link.command.1.tlog
c:\users\nsky\desktop\winmineplugin\winmineplugin\debug\winmineplugin.tlog\link.read.1.tlog
c:\users\nsky\desktop\winmineplugin\winmineplugin\debug\winmineplugin.tlog\link.write.1.tlog
c:\users\nsky\desktop\winmineplugin\winmineplugin\debug\winmineplugin.tlog\rc.command.1.tlog
c:\users\nsky\desktop\winmineplugin\winmineplugin\debug\winmineplugin.tlog\rc.read.1.tlog
c:\users\nsky\desktop\winmineplugin\winmineplugin\debug\winmineplugin.tlog\rc.write.1.tlog
c:\users\nsky\desktop\winmineplugin\winmineplugin\debug\winmineplugin.tlog\winmineplugin.write.1u.tlog
