c:\users\nsky\desktop\微信hook撤回call\wechatplugin\wechatplugin\release\wechatplugin.pch
c:\users\nsky\desktop\微信hook撤回call\wechatplugin\wechatplugin\release\vc142.pdb
c:\users\nsky\desktop\微信hook撤回call\wechatplugin\wechatplugin\release\pch.obj
c:\users\nsky\desktop\微信hook撤回call\wechatplugin\wechatplugin\release\wechatplugin.obj
c:\users\nsky\desktop\微信hook撤回call\wechatplugin\wechatplugin\release\cdlgrevokemsg.obj
c:\users\nsky\desktop\微信hook撤回call\wechatplugin\release\wechatplugin.dll
c:\users\nsky\desktop\微信hook撤回call\wechatplugin\release\wechatplugin.pdb
c:\users\nsky\desktop\微信hook撤回call\wechatplugin\wechatplugin\release\wechatplugin.res
c:\users\nsky\desktop\微信hook撤回call\wechatplugin\release\wechatplugin.lib
c:\users\nsky\desktop\微信hook撤回call\wechatplugin\release\wechatplugin.exp
c:\users\nsky\desktop\微信hook撤回call\wechatplugin\release\wechatplugin.ipdb
c:\users\nsky\desktop\微信hook撤回call\wechatplugin\release\wechatplugin.iobj
c:\users\nsky\desktop\微信hook撤回call\wechatplugin\wechatplugin\release\wechatplugin.tlog\cl.command.1.tlog
c:\users\nsky\desktop\微信hook撤回call\wechatplugin\wechatplugin\release\wechatplugin.tlog\cl.read.1.tlog
c:\users\nsky\desktop\微信hook撤回call\wechatplugin\wechatplugin\release\wechatplugin.tlog\cl.write.1.tlog
c:\users\nsky\desktop\微信hook撤回call\wechatplugin\wechatplugin\release\wechatplugin.tlog\link.command.1.tlog
c:\users\nsky\desktop\微信hook撤回call\wechatplugin\wechatplugin\release\wechatplugin.tlog\link.read.1.tlog
c:\users\nsky\desktop\微信hook撤回call\wechatplugin\wechatplugin\release\wechatplugin.tlog\link.write.1.tlog
c:\users\nsky\desktop\微信hook撤回call\wechatplugin\wechatplugin\release\wechatplugin.tlog\rc.command.1.tlog
c:\users\nsky\desktop\微信hook撤回call\wechatplugin\wechatplugin\release\wechatplugin.tlog\rc.read.1.tlog
c:\users\nsky\desktop\微信hook撤回call\wechatplugin\wechatplugin\release\wechatplugin.tlog\rc.write.1.tlog
c:\users\nsky\desktop\微信hook撤回call\wechatplugin\wechatplugin\release\wechatplugin.tlog\wechatplugin.write.1u.tlog
